runspec started at Wed Dec 28 10:57:36 2016 on "my-hvm"
runspec is: /home/usuario/SPECcpu2006/bin/runspec
runspec: runspec --config=my-config.cfg --action=run --tune=base --ignore_errors --rebuild --noreportable --size=train milc

Locating benchmarks...found 31 benchmarks in 12 benchsets.
Locating output formats: ASCII, config, CSV, flags, HTML, mail, PDF, PostScript, raw, Screen, Submission Check
Reading config file '/home/usuario/SPECcpu2006/config/my-config.cfg'
Verbosity = 5
Action    = validate
Tune      = base
Ext       = amd64-m64-gcc42-nn
Size      = train
Machine   = default
benchmarks= 433.milc
outputs   = raw,flags,ASCII,PDF,Screen
username  = root
Benchmarks selected: 433.milc
Compiling Binaries

------------------------------------------------------------------------
  Building 433.milc train base amd64-m64-gcc42-nn default: (build_base_amd64-m64-gcc42-nn.0000)
Wrote to makefile '/home/usuario/SPECcpu2006/benchspec/CPU2006/433.milc/run/build_base_amd64-m64-gcc42-nn.0000/Makefile.deps':

# These are the build dependencies

# End dependencies
Wrote to makefile '/home/usuario/SPECcpu2006/benchspec/CPU2006/433.milc/run/build_base_amd64-m64-gcc42-nn.0000/Makefile.spec':
TUNE=base
EXT=amd64-m64-gcc42-nn
NUMBER=433
NAME=milc
SOURCES= control.c f_meas.c gauge_info.c setup.c update.c update_h.c \
	 update_u.c layout_hyper.c check_unitarity.c d_plaq4.c gaugefix2.c \
	 io_helpers.c io_lat4.c make_lattice.c path_product.c ploop3.c ranmom.c \
	 ranstuff.c reunitarize2.c gauge_stuff.c grsource_imp.c mat_invert.c \
	 quark_stuff.c rephase.c cmplx.c addmat.c addvec.c clear_mat.c clearvec.c \
	 m_amatvec.c m_mat_an.c m_mat_na.c m_mat_nn.c m_matvec.c make_ahmat.c \
	 rand_ahmat.c realtr.c s_m_a_mat.c s_m_a_vec.c s_m_s_mat.c s_m_vec.c \
	 s_m_mat.c su3_adjoint.c su3_dot.c su3_rdot.c su3_proj.c su3mat_copy.c \
	 submat.c subvec.c trace_su3.c uncmp_ahmat.c msq_su3vec.c sub4vecs.c \
	 m_amv_4dir.c m_amv_4vec.c m_mv_s_4dir.c m_su2_mat_vec_n.c l_su2_hit_n.c \
	 r_su2_hit_a.c m_su2_mat_vec_a.c gaussrand.c byterevn.c m_mat_hwvec.c \
	 m_amat_hwvec.c dslash_fn2.c d_congrad5_fn.c com_vanilla.c io_nonansi.c
EXEBASE=milc
NEED_MATH=yes
BENCHLANG=C
ONESTEP=
CONESTEP=

BENCH_FLAGS      = -I. -DFN -DFAST -DCONGRAD_TMP_VECTORS -DDSLASH_TMP_LINKS
CC               = /usr/bin/gcc
COPTIMIZE        = -O2
CXX              = /usr/bin/g++
CXXOPTIMIZE      = -O2 
FC               = /usr/bin/gfortran
FOPTIMIZE        = -O2
FPBASE           = yes
OS               = unix
PORTABILITY      = -DSPEC_CPU_LP64
action           = validate
allow_extension_override = 0
backup_config    = 1
baseexe          = milc
basepeak         = 0
benchdir         = benchspec
benchmark        = 433.milc
binary           = 
bindir           = exe
calctol          = 0
changedmd5       = 0
check_integrity  = 1
check_md5        = 1
check_version    = 1
command_add_redirect = 0
commanderrfile   = speccmds.err
commandexe       = milc_base.amd64-m64-gcc42-nn
commandfile      = speccmds.cmd
commandoutfile   = speccmds.out
commandstdoutfile = speccmds.stdout
compareerrfile   = compare.err
comparefile      = compare.cmd
compareoutfile   = compare.out
comparestdoutfile = compare.stdout
compile_error    = 0
compwhite        = 
configdir        = config
configpath       = /home/usuario/SPECcpu2006/config/my-config.cfg
copies           = 1
datadir          = data
delay            = 0
deletebinaries   = 0
deletework       = 0
difflines        = 10
dirprot          = 511
endian           = 12345678
env_vars         = 0
exitvals         = spec_exit
expand_notes     = 0
expid            = 
ext              = amd64-m64-gcc42-nn
fake             = 0
feedback         = 1
flag_url_base    = http://www.spec.org/auto/cpu2006/flags/
floatcompare     = 
help             = 0
http_proxy       = 
http_timeout     = 30
hw_avail         = Dec-9999
hw_cpu_char      = 
hw_cpu_mhz       = 3000
hw_cpu_name      = AMD Opteron 256
hw_disk          = SATA
hw_fpu           = Integrated
hw_memory        = 2 GB (2 x 1GB DDR333 CL2.5)
hw_model         = Tyan Thunder KKQS Pro (S4882)
hw_nchips        = 1
hw_ncores        = 1
hw_ncoresperchip = 1
hw_ncpuorder     = 1 chip
hw_nthreadspercore = 1
hw_ocache        = None
hw_pcache        = 64 KB I + 64 KB D on chip per chip
hw_scache        = 1 MB I+D on chip per chip
hw_tcache        = None
hw_vendor        = Tyan
ignore_errors    = 1
ignore_sigint    = 0
ignorecase       = 
info_wrap_columns = 50
inputdir         = input
iteration        = -1
iterations       = 3
license_num      = 9999
line_width       = 0
locking          = 1
log              = CPU2006
log_line_width   = 0
logname          = /home/usuario/SPECcpu2006/result/CPU2006.002.log
lognum           = 002
mach             = default
mail_reports     = all
mailcompress     = 0
mailmethod       = smtp
mailport         = 25
mailserver       = 127.0.0.1
mailto           = 
make             = specmake
make_no_clobber  = 0
makeflags        = 
max_active_compares = 0
mean_anyway      = 0
min_report_runs  = 3
minimize_builddirs = 0
minimize_rundirs = 0
name             = milc
nc               = 0
need_math        = yes
no_input_handler = close
no_monitor       = 
notes0100        =  C base flags: -O2
notes0110        =  C++ base flags: -O2 
notes0120        =  Fortran base flags: $Ã[FOPTIMIZE]
notes25          =  PORTABILITY=-DSPEC_CPU_LP64 is applied to all benchmarks in base.
notes_wrap_columns = 0
notes_wrap_indent =     
num              = 433
obiwan           = 
os_exe_ext       = 
output           = asc
output_format    = asc, pdf, Screen
output_root      = 
outputdir        = output
path             = /home/usuario/SPECcpu2006/benchspec/CPU2006/433.milc
plain_train      = 1
prefix           = 
prepared_by      = 
rate             = 0
rawfile          = 
rawformat        = 0
realuser         = your name here
rebuild          = 1
reftime          = reftime
reportable       = 0
resultdir        = result
review           = 0
run              = all
runspec          = /home/usuario/SPECcpu2006/bin/runspec --config=my-config.cfg --action=run --tune=base --ignore_errors --rebuild --noreportable --size=train milc
safe_eval        = 1
section_specifier_fatal = 1
sendmail         = /usr/sbin/sendmail
setpgrp_enabled  = 1
setprocgroup     = 1
shrate           = 0
sigint           = 2
size             = train
skipabstol       = 
skipobiwan       = 
skipreltol       = 
skiptol          = 
smarttune        = base
specdiff         = specdiff
specmake         = Makefile.YYYtArGeTYYYspec
specrun          = specinvoke
speed            = 0
srcalt           = 
srcdir           = src
stagger          = 10
strict_rundir_verify = 1
subworkdir       = work
sw_auto_parallel = No
sw_avail         = Dec-9999
sw_base_ptrsize  = 32-bit
sw_compiler      = gcc , g++ & gfortran 4.2.0325 (for AMD64)
sw_file          = ext3
sw_os            = SUSE SLES9 (for AMD64)
sw_other         = None
sw_peak_ptrsize  = Not Applicable
sw_state         = runlevel 3
sysinfo_program  = 
table            = 1
teeout           = yes
teerunout        = yes
test_date        = Dec-9999
test_sponsor     = Turbo Computers
tester           = 
top              = /home/usuario/SPECcpu2006
tune             = base
uid              = 0
unbuffer         = 1
update-flags     = 0
use_submit_for_speed = 0
username         = root
vendor           = anon
vendor_makefiles = 0
verbose          = 5
version          = 0
version_url      = http://www.spec.org/auto/cpu2006/current_version
workdir          = run
worklist         = list
  Compile for '433.milc' started at: Wed Dec 28 10:57:43 2016 (1482919063)
Issuing make.clean command 'specmake clean'
Start make.clean command: Wed Dec 28 10:57:43 2016 (1482919063)
rm -rf milc milc.exe *.o  *.fppized.f*
find . \( -name \*.o -o -name '*.fppized.f*' \) -print | xargs rm -rf
rm -rf core 
Stop make.clean command: Wed Dec 28 10:57:45 2016 (1482919065)
Elapsed time for make.clean command: 00:00:02 (2)
Issuing make command 'specmake build'
Start make command: Wed Dec 28 10:57:45 2016 (1482919065)
/usr/bin/gcc -c -o control.o -DSPEC_CPU -DNDEBUG -I. -DFN -DFAST -DCONGRAD_TMP_VECTORS -DDSLASH_TMP_LINKS   -O2       -DSPEC_CPU_LP64         control.c
/usr/bin/gcc -c -o f_meas.o -DSPEC_CPU -DNDEBUG -I. -DFN -DFAST -DCONGRAD_TMP_VECTORS -DDSLASH_TMP_LINKS   -O2       -DSPEC_CPU_LP64         f_meas.c
/usr/bin/gcc -c -o gauge_info.o -DSPEC_CPU -DNDEBUG -I. -DFN -DFAST -DCONGRAD_TMP_VECTORS -DDSLASH_TMP_LINKS   -O2       -DSPEC_CPU_LP64         gauge_info.c
/usr/bin/gcc -c -o setup.o -DSPEC_CPU -DNDEBUG -I. -DFN -DFAST -DCONGRAD_TMP_VECTORS -DDSLASH_TMP_LINKS   -O2       -DSPEC_CPU_LP64         setup.c
/usr/bin/gcc -c -o update.o -DSPEC_CPU -DNDEBUG -I. -DFN -DFAST -DCONGRAD_TMP_VECTORS -DDSLASH_TMP_LINKS   -O2       -DSPEC_CPU_LP64         update.c
/usr/bin/gcc -c -o update_h.o -DSPEC_CPU -DNDEBUG -I. -DFN -DFAST -DCONGRAD_TMP_VECTORS -DDSLASH_TMP_LINKS   -O2       -DSPEC_CPU_LP64         update_h.c
/usr/bin/gcc -c -o update_u.o -DSPEC_CPU -DNDEBUG -I. -DFN -DFAST -DCONGRAD_TMP_VECTORS -DDSLASH_TMP_LINKS   -O2       -DSPEC_CPU_LP64         update_u.c
/usr/bin/gcc -c -o layout_hyper.o -DSPEC_CPU -DNDEBUG -I. -DFN -DFAST -DCONGRAD_TMP_VECTORS -DDSLASH_TMP_LINKS   -O2       -DSPEC_CPU_LP64         layout_hyper.c
/usr/bin/gcc -c -o check_unitarity.o -DSPEC_CPU -DNDEBUG -I. -DFN -DFAST -DCONGRAD_TMP_VECTORS -DDSLASH_TMP_LINKS   -O2       -DSPEC_CPU_LP64         check_unitarity.c
/usr/bin/gcc -c -o d_plaq4.o -DSPEC_CPU -DNDEBUG -I. -DFN -DFAST -DCONGRAD_TMP_VECTORS -DDSLASH_TMP_LINKS   -O2       -DSPEC_CPU_LP64         d_plaq4.c
/usr/bin/gcc -c -o gaugefix2.o -DSPEC_CPU -DNDEBUG -I. -DFN -DFAST -DCONGRAD_TMP_VECTORS -DDSLASH_TMP_LINKS   -O2       -DSPEC_CPU_LP64         gaugefix2.c
/usr/bin/gcc -c -o io_helpers.o -DSPEC_CPU -DNDEBUG -I. -DFN -DFAST -DCONGRAD_TMP_VECTORS -DDSLASH_TMP_LINKS   -O2       -DSPEC_CPU_LP64         io_helpers.c
/usr/bin/gcc -c -o io_lat4.o -DSPEC_CPU -DNDEBUG -I. -DFN -DFAST -DCONGRAD_TMP_VECTORS -DDSLASH_TMP_LINKS   -O2       -DSPEC_CPU_LP64         io_lat4.c
io_lat4.c: In function 'qcdhdr_get_hdr':
io_lat4.c:195:11: warning: cast from pointer to integer of different size [-Wpointer-to-int-cast]
io_lat4.c:195:21: warning: cast from pointer to integer of different size [-Wpointer-to-int-cast]
io_lat4.c: In function 'read_gauge_hdr':
io_lat4.c:1334:37: warning: cast to pointer from integer of different size [-Wint-to-pointer-cast]
/usr/bin/gcc -c -o make_lattice.o -DSPEC_CPU -DNDEBUG -I. -DFN -DFAST -DCONGRAD_TMP_VECTORS -DDSLASH_TMP_LINKS   -O2       -DSPEC_CPU_LP64         make_lattice.c
/usr/bin/gcc -c -o path_product.o -DSPEC_CPU -DNDEBUG -I. -DFN -DFAST -DCONGRAD_TMP_VECTORS -DDSLASH_TMP_LINKS   -O2       -DSPEC_CPU_LP64         path_product.c
/usr/bin/gcc -c -o ploop3.o -DSPEC_CPU -DNDEBUG -I. -DFN -DFAST -DCONGRAD_TMP_VECTORS -DDSLASH_TMP_LINKS   -O2       -DSPEC_CPU_LP64         ploop3.c
/usr/bin/gcc -c -o ranmom.o -DSPEC_CPU -DNDEBUG -I. -DFN -DFAST -DCONGRAD_TMP_VECTORS -DDSLASH_TMP_LINKS   -O2       -DSPEC_CPU_LP64         ranmom.c
/usr/bin/gcc -c -o ranstuff.o -DSPEC_CPU -DNDEBUG -I. -DFN -DFAST -DCONGRAD_TMP_VECTORS -DDSLASH_TMP_LINKS   -O2       -DSPEC_CPU_LP64         ranstuff.c
/usr/bin/gcc -c -o reunitarize2.o -DSPEC_CPU -DNDEBUG -I. -DFN -DFAST -DCONGRAD_TMP_VECTORS -DDSLASH_TMP_LINKS   -O2       -DSPEC_CPU_LP64         reunitarize2.c
/usr/bin/gcc -c -o gauge_stuff.o -DSPEC_CPU -DNDEBUG -I. -DFN -DFAST -DCONGRAD_TMP_VECTORS -DDSLASH_TMP_LINKS   -O2       -DSPEC_CPU_LP64         gauge_stuff.c
/usr/bin/gcc -c -o grsource_imp.o -DSPEC_CPU -DNDEBUG -I. -DFN -DFAST -DCONGRAD_TMP_VECTORS -DDSLASH_TMP_LINKS   -O2       -DSPEC_CPU_LP64         grsource_imp.c
/usr/bin/gcc -c -o mat_invert.o -DSPEC_CPU -DNDEBUG -I. -DFN -DFAST -DCONGRAD_TMP_VECTORS -DDSLASH_TMP_LINKS   -O2       -DSPEC_CPU_LP64         mat_invert.c
/usr/bin/gcc -c -o quark_stuff.o -DSPEC_CPU -DNDEBUG -I. -DFN -DFAST -DCONGRAD_TMP_VECTORS -DDSLASH_TMP_LINKS   -O2       -DSPEC_CPU_LP64         quark_stuff.c
/usr/bin/gcc -c -o rephase.o -DSPEC_CPU -DNDEBUG -I. -DFN -DFAST -DCONGRAD_TMP_VECTORS -DDSLASH_TMP_LINKS   -O2       -DSPEC_CPU_LP64         rephase.c
/usr/bin/gcc -c -o cmplx.o -DSPEC_CPU -DNDEBUG -I. -DFN -DFAST -DCONGRAD_TMP_VECTORS -DDSLASH_TMP_LINKS   -O2       -DSPEC_CPU_LP64         cmplx.c
/usr/bin/gcc -c -o addmat.o -DSPEC_CPU -DNDEBUG -I. -DFN -DFAST -DCONGRAD_TMP_VECTORS -DDSLASH_TMP_LINKS   -O2       -DSPEC_CPU_LP64         addmat.c
/usr/bin/gcc -c -o addvec.o -DSPEC_CPU -DNDEBUG -I. -DFN -DFAST -DCONGRAD_TMP_VECTORS -DDSLASH_TMP_LINKS   -O2       -DSPEC_CPU_LP64         addvec.c
/usr/bin/gcc -c -o clear_mat.o -DSPEC_CPU -DNDEBUG -I. -DFN -DFAST -DCONGRAD_TMP_VECTORS -DDSLASH_TMP_LINKS   -O2       -DSPEC_CPU_LP64         clear_mat.c
/usr/bin/gcc -c -o clearvec.o -DSPEC_CPU -DNDEBUG -I. -DFN -DFAST -DCONGRAD_TMP_VECTORS -DDSLASH_TMP_LINKS   -O2       -DSPEC_CPU_LP64         clearvec.c
/usr/bin/gcc -c -o m_amatvec.o -DSPEC_CPU -DNDEBUG -I. -DFN -DFAST -DCONGRAD_TMP_VECTORS -DDSLASH_TMP_LINKS   -O2       -DSPEC_CPU_LP64         m_amatvec.c
/usr/bin/gcc -c -o m_mat_an.o -DSPEC_CPU -DNDEBUG -I. -DFN -DFAST -DCONGRAD_TMP_VECTORS -DDSLASH_TMP_LINKS   -O2       -DSPEC_CPU_LP64         m_mat_an.c
/usr/bin/gcc -c -o m_mat_na.o -DSPEC_CPU -DNDEBUG -I. -DFN -DFAST -DCONGRAD_TMP_VECTORS -DDSLASH_TMP_LINKS   -O2       -DSPEC_CPU_LP64         m_mat_na.c
/usr/bin/gcc -c -o m_mat_nn.o -DSPEC_CPU -DNDEBUG -I. -DFN -DFAST -DCONGRAD_TMP_VECTORS -DDSLASH_TMP_LINKS   -O2       -DSPEC_CPU_LP64         m_mat_nn.c
/usr/bin/gcc -c -o m_matvec.o -DSPEC_CPU -DNDEBUG -I. -DFN -DFAST -DCONGRAD_TMP_VECTORS -DDSLASH_TMP_LINKS   -O2       -DSPEC_CPU_LP64         m_matvec.c
/usr/bin/gcc -c -o make_ahmat.o -DSPEC_CPU -DNDEBUG -I. -DFN -DFAST -DCONGRAD_TMP_VECTORS -DDSLASH_TMP_LINKS   -O2       -DSPEC_CPU_LP64         make_ahmat.c
/usr/bin/gcc -c -o rand_ahmat.o -DSPEC_CPU -DNDEBUG -I. -DFN -DFAST -DCONGRAD_TMP_VECTORS -DDSLASH_TMP_LINKS   -O2       -DSPEC_CPU_LP64         rand_ahmat.c
/usr/bin/gcc -c -o realtr.o -DSPEC_CPU -DNDEBUG -I. -DFN -DFAST -DCONGRAD_TMP_VECTORS -DDSLASH_TMP_LINKS   -O2       -DSPEC_CPU_LP64         realtr.c
/usr/bin/gcc -c -o s_m_a_mat.o -DSPEC_CPU -DNDEBUG -I. -DFN -DFAST -DCONGRAD_TMP_VECTORS -DDSLASH_TMP_LINKS   -O2       -DSPEC_CPU_LP64         s_m_a_mat.c
/usr/bin/gcc -c -o s_m_a_vec.o -DSPEC_CPU -DNDEBUG -I. -DFN -DFAST -DCONGRAD_TMP_VECTORS -DDSLASH_TMP_LINKS   -O2       -DSPEC_CPU_LP64         s_m_a_vec.c
/usr/bin/gcc -c -o s_m_s_mat.o -DSPEC_CPU -DNDEBUG -I. -DFN -DFAST -DCONGRAD_TMP_VECTORS -DDSLASH_TMP_LINKS   -O2       -DSPEC_CPU_LP64         s_m_s_mat.c
/usr/bin/gcc -c -o s_m_vec.o -DSPEC_CPU -DNDEBUG -I. -DFN -DFAST -DCONGRAD_TMP_VECTORS -DDSLASH_TMP_LINKS   -O2       -DSPEC_CPU_LP64         s_m_vec.c
/usr/bin/gcc -c -o s_m_mat.o -DSPEC_CPU -DNDEBUG -I. -DFN -DFAST -DCONGRAD_TMP_VECTORS -DDSLASH_TMP_LINKS   -O2       -DSPEC_CPU_LP64         s_m_mat.c
/usr/bin/gcc -c -o su3_adjoint.o -DSPEC_CPU -DNDEBUG -I. -DFN -DFAST -DCONGRAD_TMP_VECTORS -DDSLASH_TMP_LINKS   -O2       -DSPEC_CPU_LP64         su3_adjoint.c
/usr/bin/gcc -c -o su3_dot.o -DSPEC_CPU -DNDEBUG -I. -DFN -DFAST -DCONGRAD_TMP_VECTORS -DDSLASH_TMP_LINKS   -O2       -DSPEC_CPU_LP64         su3_dot.c
/usr/bin/gcc -c -o su3_rdot.o -DSPEC_CPU -DNDEBUG -I. -DFN -DFAST -DCONGRAD_TMP_VECTORS -DDSLASH_TMP_LINKS   -O2       -DSPEC_CPU_LP64         su3_rdot.c
/usr/bin/gcc -c -o su3_proj.o -DSPEC_CPU -DNDEBUG -I. -DFN -DFAST -DCONGRAD_TMP_VECTORS -DDSLASH_TMP_LINKS   -O2       -DSPEC_CPU_LP64         su3_proj.c
/usr/bin/gcc -c -o su3mat_copy.o -DSPEC_CPU -DNDEBUG -I. -DFN -DFAST -DCONGRAD_TMP_VECTORS -DDSLASH_TMP_LINKS   -O2       -DSPEC_CPU_LP64         su3mat_copy.c
/usr/bin/gcc -c -o submat.o -DSPEC_CPU -DNDEBUG -I. -DFN -DFAST -DCONGRAD_TMP_VECTORS -DDSLASH_TMP_LINKS   -O2       -DSPEC_CPU_LP64         submat.c
/usr/bin/gcc -c -o subvec.o -DSPEC_CPU -DNDEBUG -I. -DFN -DFAST -DCONGRAD_TMP_VECTORS -DDSLASH_TMP_LINKS   -O2       -DSPEC_CPU_LP64         subvec.c
/usr/bin/gcc -c -o trace_su3.o -DSPEC_CPU -DNDEBUG -I. -DFN -DFAST -DCONGRAD_TMP_VECTORS -DDSLASH_TMP_LINKS   -O2       -DSPEC_CPU_LP64         trace_su3.c
/usr/bin/gcc -c -o uncmp_ahmat.o -DSPEC_CPU -DNDEBUG -I. -DFN -DFAST -DCONGRAD_TMP_VECTORS -DDSLASH_TMP_LINKS   -O2       -DSPEC_CPU_LP64         uncmp_ahmat.c
/usr/bin/gcc -c -o msq_su3vec.o -DSPEC_CPU -DNDEBUG -I. -DFN -DFAST -DCONGRAD_TMP_VECTORS -DDSLASH_TMP_LINKS   -O2       -DSPEC_CPU_LP64         msq_su3vec.c
/usr/bin/gcc -c -o sub4vecs.o -DSPEC_CPU -DNDEBUG -I. -DFN -DFAST -DCONGRAD_TMP_VECTORS -DDSLASH_TMP_LINKS   -O2       -DSPEC_CPU_LP64         sub4vecs.c
/usr/bin/gcc -c -o m_amv_4dir.o -DSPEC_CPU -DNDEBUG -I. -DFN -DFAST -DCONGRAD_TMP_VECTORS -DDSLASH_TMP_LINKS   -O2       -DSPEC_CPU_LP64         m_amv_4dir.c
/usr/bin/gcc -c -o m_amv_4vec.o -DSPEC_CPU -DNDEBUG -I. -DFN -DFAST -DCONGRAD_TMP_VECTORS -DDSLASH_TMP_LINKS   -O2       -DSPEC_CPU_LP64         m_amv_4vec.c
/usr/bin/gcc -c -o m_mv_s_4dir.o -DSPEC_CPU -DNDEBUG -I. -DFN -DFAST -DCONGRAD_TMP_VECTORS -DDSLASH_TMP_LINKS   -O2       -DSPEC_CPU_LP64         m_mv_s_4dir.c
/usr/bin/gcc -c -o m_su2_mat_vec_n.o -DSPEC_CPU -DNDEBUG -I. -DFN -DFAST -DCONGRAD_TMP_VECTORS -DDSLASH_TMP_LINKS   -O2       -DSPEC_CPU_LP64         m_su2_mat_vec_n.c
/usr/bin/gcc -c -o l_su2_hit_n.o -DSPEC_CPU -DNDEBUG -I. -DFN -DFAST -DCONGRAD_TMP_VECTORS -DDSLASH_TMP_LINKS   -O2       -DSPEC_CPU_LP64         l_su2_hit_n.c
/usr/bin/gcc -c -o r_su2_hit_a.o -DSPEC_CPU -DNDEBUG -I. -DFN -DFAST -DCONGRAD_TMP_VECTORS -DDSLASH_TMP_LINKS   -O2       -DSPEC_CPU_LP64         r_su2_hit_a.c
/usr/bin/gcc -c -o m_su2_mat_vec_a.o -DSPEC_CPU -DNDEBUG -I. -DFN -DFAST -DCONGRAD_TMP_VECTORS -DDSLASH_TMP_LINKS   -O2       -DSPEC_CPU_LP64         m_su2_mat_vec_a.c
/usr/bin/gcc -c -o gaussrand.o -DSPEC_CPU -DNDEBUG -I. -DFN -DFAST -DCONGRAD_TMP_VECTORS -DDSLASH_TMP_LINKS   -O2       -DSPEC_CPU_LP64         gaussrand.c
/usr/bin/gcc -c -o byterevn.o -DSPEC_CPU -DNDEBUG -I. -DFN -DFAST -DCONGRAD_TMP_VECTORS -DDSLASH_TMP_LINKS   -O2       -DSPEC_CPU_LP64         byterevn.c
/usr/bin/gcc -c -o m_mat_hwvec.o -DSPEC_CPU -DNDEBUG -I. -DFN -DFAST -DCONGRAD_TMP_VECTORS -DDSLASH_TMP_LINKS   -O2       -DSPEC_CPU_LP64         m_mat_hwvec.c
/usr/bin/gcc -c -o m_amat_hwvec.o -DSPEC_CPU -DNDEBUG -I. -DFN -DFAST -DCONGRAD_TMP_VECTORS -DDSLASH_TMP_LINKS   -O2       -DSPEC_CPU_LP64         m_amat_hwvec.c
/usr/bin/gcc -c -o dslash_fn2.o -DSPEC_CPU -DNDEBUG -I. -DFN -DFAST -DCONGRAD_TMP_VECTORS -DDSLASH_TMP_LINKS   -O2       -DSPEC_CPU_LP64         dslash_fn2.c
/usr/bin/gcc -c -o d_congrad5_fn.o -DSPEC_CPU -DNDEBUG -I. -DFN -DFAST -DCONGRAD_TMP_VECTORS -DDSLASH_TMP_LINKS   -O2       -DSPEC_CPU_LP64         d_congrad5_fn.c
/usr/bin/gcc -c -o com_vanilla.o -DSPEC_CPU -DNDEBUG -I. -DFN -DFAST -DCONGRAD_TMP_VECTORS -DDSLASH_TMP_LINKS   -O2       -DSPEC_CPU_LP64         com_vanilla.c
com_vanilla.c: In function 'field_pointer_at_direction':
com_vanilla.c:843:13: warning: cast to pointer from integer of different size [-Wint-to-pointer-cast]
/usr/bin/gcc -c -o io_nonansi.o -DSPEC_CPU -DNDEBUG -I. -DFN -DFAST -DCONGRAD_TMP_VECTORS -DDSLASH_TMP_LINKS   -O2       -DSPEC_CPU_LP64         io_nonansi.c
/usr/bin/gcc   -O2  -DSPEC_CPU_LP64        control.o f_meas.o gauge_info.o setup.o update.o update_h.o update_u.o layout_hyper.o check_unitarity.o d_plaq4.o gaugefix2.o io_helpers.o io_lat4.o make_lattice.o path_product.o ploop3.o ranmom.o ranstuff.o reunitarize2.o gauge_stuff.o grsource_imp.o mat_invert.o quark_stuff.o rephase.o cmplx.o addmat.o addvec.o clear_mat.o clearvec.o m_amatvec.o m_mat_an.o m_mat_na.o m_mat_nn.o m_matvec.o make_ahmat.o rand_ahmat.o realtr.o s_m_a_mat.o s_m_a_vec.o s_m_s_mat.o s_m_vec.o s_m_mat.o su3_adjoint.o su3_dot.o su3_rdot.o su3_proj.o su3mat_copy.o submat.o subvec.o trace_su3.o uncmp_ahmat.o msq_su3vec.o sub4vecs.o m_amv_4dir.o m_amv_4vec.o m_mv_s_4dir.o m_su2_mat_vec_n.o l_su2_hit_n.o r_su2_hit_a.o m_su2_mat_vec_a.o gaussrand.o byterevn.o m_mat_hwvec.o m_amat_hwvec.o dslash_fn2.o d_congrad5_fn.o com_vanilla.o io_nonansi.o             -lm        -o milc
Stop make command: Wed Dec 28 10:57:50 2016 (1482919070)
Elapsed time for make command: 00:00:05 (5)
Issuing options command 'specmake options'
Start options command: Wed Dec 28 10:57:50 2016 (1482919070)
COMP: /usr/bin/gcc -c -o options.o -DSPEC_CPU -DNDEBUG -I. -DFN -DFAST -DCONGRAD_TMP_VECTORS -DDSLASH_TMP_LINKS   -O2       -DSPEC_CPU_LP64         <source>
C: CC="/usr/bin/gcc"
C: COBJOPT="-c -o options"
P: CPUFLAGS="-DSPEC_CPU -DNDEBUG"
P: BENCH_FLAGS="-I. -DFN -DFAST -DCONGRAD_TMP_VECTORS -DDSLASH_TMP_LINKS"
P: BENCH_CFLAGS=""
O: OPTIMIZE=""
O: COPTIMIZE="-O2"
P: PORTABILITY="-DSPEC_CPU_LP64"
P: CPORTABILITY=""
O: EXTRA_CFLAGS=""
O: EXTRA_OPTIMIZE=""
O: EXTRA_COPTIMIZE=""
P: EXTRA_PORTABILITY=""
P: EXTRA_CPORTABILITY=""
LINK: /usr/bin/gcc   -O2  -DSPEC_CPU_LP64        <objects>   -lm        -o options
C: LD="/usr/bin/gcc"
O: COPTIMIZE="-O2"
P: PORTABILITY="-DSPEC_CPU_LP64"
C: MATH_LIBS="-lm"
C: LDOUT="-o options"
Stop options command: Wed Dec 28 10:57:51 2016 (1482919071)
Elapsed time for options command: 00:00:01 (1)
  Compile for '433.milc' ended at: Wed Dec 28 10:57:51 2016 (1482919071)
  Elapsed compile for '433.milc': 00:00:08 (8)

Build successes: 433.milc(base)

Parsing Flags
  Looking at 433.milc base amd64-m64-gcc42-nn default: done
Flag Parsing Complete

Setting Up Run Directories
  Setting up 433.milc train base amd64-m64-gcc42-nn default: created (run_base_train_amd64-m64-gcc42-nn.0000)

-----------------------------------
Running Benchmarks

-----------------------------------
  Running (#1) 433.milc train base amd64-m64-gcc42-nn default
Commands to run: 
    -C /home/usuario/SPECcpu2006/benchspec/CPU2006/433.milc/run/run_base_train_amd64-m64-gcc42-nn.0000
    -i su3imp.in -o su3imp.out -e su3imp.err ../run_base_train_amd64-m64-gcc42-nn.0000/milc_base.amd64-m64-gcc42-nn
Specinvoke: /home/usuario/SPECcpu2006/bin/specinvoke -d /home/usuario/SPECcpu2006/benchspec/CPU2006/433.milc/run/run_base_train_amd64-m64-gcc42-nn.0000 -e speccmds.err -o speccmds.stdout -f speccmds.cmd -C
Issuing command '/home/usuario/SPECcpu2006/bin/specinvoke -d /home/usuario/SPECcpu2006/benchspec/CPU2006/433.milc/run/run_base_train_amd64-m64-gcc42-nn.0000 -e speccmds.err -o speccmds.stdout -f speccmds.cmd -C'
Start command: Wed Dec 28 10:57:51 2016 (1482919071)
Stop command: Wed Dec 28 10:58:12 2016 (1482919092)
Elapsed time for command: 00:00:21 (21)
Workload elapsed time (0:1) = 12.641194 seconds
copy 0 finished @ Wed Dec 28 10:58:04 2016.  Total elapsed time: 12.641194
comparing files in '/home/usuario/SPECcpu2006/benchspec/CPU2006/433.milc/run/run_base_train_amd64-m64-gcc42-nn.0000'
comparing 'su3imp.out' with abstol=2e-07, binary=, calctol=0, cw=, floatcompare=, ignorecase=, obiwan=, reltol=0.0001, skipabstol=, skipobiwan=, skipreltol=, skiptol=
Specinvoke: /home/usuario/SPECcpu2006/bin/specinvoke -E -d /home/usuario/SPECcpu2006/benchspec/CPU2006/433.milc/run/run_base_train_amd64-m64-gcc42-nn.0000 -c 1 -e compare.err -o compare.stdout -f compare.cmd
Issuing command '/home/usuario/SPECcpu2006/bin/specinvoke -E -d /home/usuario/SPECcpu2006/benchspec/CPU2006/433.milc/run/run_base_train_amd64-m64-gcc42-nn.0000 -c 1 -e compare.err -o compare.stdout -f compare.cmd'
Start command: Wed Dec 28 10:58:12 2016 (1482919092)
Stop command: Wed Dec 28 10:58:14 2016 (1482919094)
Elapsed time for command: 00:00:02 (2)
Benchmark Times:
  Start:    Wed Dec 28 10:57:51 2016 (1482919071)
  Stop:     Wed Dec 28 10:58:12 2016 (1482919092)
  Elapsed:  00:00:21 (21)
  Reported: 12 641247000 12.641247
 Success 433.milc base train ratio=-0.00, runtime=12.641247

-----------------------------------
  Running (#2) 433.milc train base amd64-m64-gcc42-nn default
Commands to run: 
    -C /home/usuario/SPECcpu2006/benchspec/CPU2006/433.milc/run/run_base_train_amd64-m64-gcc42-nn.0000
    -i su3imp.in -o su3imp.out -e su3imp.err ../run_base_train_amd64-m64-gcc42-nn.0000/milc_base.amd64-m64-gcc42-nn
Specinvoke: /home/usuario/SPECcpu2006/bin/specinvoke -d /home/usuario/SPECcpu2006/benchspec/CPU2006/433.milc/run/run_base_train_amd64-m64-gcc42-nn.0000 -e speccmds.err -o speccmds.stdout -f speccmds.cmd -C
Issuing command '/home/usuario/SPECcpu2006/bin/specinvoke -d /home/usuario/SPECcpu2006/benchspec/CPU2006/433.milc/run/run_base_train_amd64-m64-gcc42-nn.0000 -e speccmds.err -o speccmds.stdout -f speccmds.cmd -C'
Start command: Wed Dec 28 10:58:14 2016 (1482919094)
Stop command: Wed Dec 28 10:58:35 2016 (1482919115)
Elapsed time for command: 00:00:21 (21)
Workload elapsed time (0:1) = 12.605843 seconds
copy 0 finished @ Wed Dec 28 10:58:27 2016.  Total elapsed time: 12.605843
comparing files in '/home/usuario/SPECcpu2006/benchspec/CPU2006/433.milc/run/run_base_train_amd64-m64-gcc42-nn.0000'
comparing 'su3imp.out' with abstol=2e-07, binary=, calctol=0, cw=, floatcompare=, ignorecase=, obiwan=, reltol=0.0001, skipabstol=, skipobiwan=, skipreltol=, skiptol=
Specinvoke: /home/usuario/SPECcpu2006/bin/specinvoke -E -d /home/usuario/SPECcpu2006/benchspec/CPU2006/433.milc/run/run_base_train_amd64-m64-gcc42-nn.0000 -c 1 -e compare.err -o compare.stdout -f compare.cmd
Issuing command '/home/usuario/SPECcpu2006/bin/specinvoke -E -d /home/usuario/SPECcpu2006/benchspec/CPU2006/433.milc/run/run_base_train_amd64-m64-gcc42-nn.0000 -c 1 -e compare.err -o compare.stdout -f compare.cmd'
Start command: Wed Dec 28 10:58:35 2016 (1482919115)
Stop command: Wed Dec 28 10:58:37 2016 (1482919117)
Elapsed time for command: 00:00:02 (2)
Benchmark Times:
  Start:    Wed Dec 28 10:58:14 2016 (1482919094)
  Stop:     Wed Dec 28 10:58:35 2016 (1482919115)
  Elapsed:  00:00:21 (21)
  Reported: 12 605895000 12.605895
 Success 433.milc base train ratio=-0.00, runtime=12.605895

-----------------------------------
  Running (#3) 433.milc train base amd64-m64-gcc42-nn default
Commands to run: 
    -C /home/usuario/SPECcpu2006/benchspec/CPU2006/433.milc/run/run_base_train_amd64-m64-gcc42-nn.0000
    -i su3imp.in -o su3imp.out -e su3imp.err ../run_base_train_amd64-m64-gcc42-nn.0000/milc_base.amd64-m64-gcc42-nn
Specinvoke: /home/usuario/SPECcpu2006/bin/specinvoke -d /home/usuario/SPECcpu2006/benchspec/CPU2006/433.milc/run/run_base_train_amd64-m64-gcc42-nn.0000 -e speccmds.err -o speccmds.stdout -f speccmds.cmd -C
Issuing command '/home/usuario/SPECcpu2006/bin/specinvoke -d /home/usuario/SPECcpu2006/benchspec/CPU2006/433.milc/run/run_base_train_amd64-m64-gcc42-nn.0000 -e speccmds.err -o speccmds.stdout -f speccmds.cmd -C'
Start command: Wed Dec 28 10:58:37 2016 (1482919117)
Stop command: Wed Dec 28 10:58:58 2016 (1482919138)
Elapsed time for command: 00:00:21 (21)
Workload elapsed time (0:1) = 12.868578 seconds
copy 0 finished @ Wed Dec 28 10:58:50 2016.  Total elapsed time: 12.868578
comparing files in '/home/usuario/SPECcpu2006/benchspec/CPU2006/433.milc/run/run_base_train_amd64-m64-gcc42-nn.0000'
comparing 'su3imp.out' with abstol=2e-07, binary=, calctol=0, cw=, floatcompare=, ignorecase=, obiwan=, reltol=0.0001, skipabstol=, skipobiwan=, skipreltol=, skiptol=
Specinvoke: /home/usuario/SPECcpu2006/bin/specinvoke -E -d /home/usuario/SPECcpu2006/benchspec/CPU2006/433.milc/run/run_base_train_amd64-m64-gcc42-nn.0000 -c 1 -e compare.err -o compare.stdout -f compare.cmd
Issuing command '/home/usuario/SPECcpu2006/bin/specinvoke -E -d /home/usuario/SPECcpu2006/benchspec/CPU2006/433.milc/run/run_base_train_amd64-m64-gcc42-nn.0000 -c 1 -e compare.err -o compare.stdout -f compare.cmd'
Start command: Wed Dec 28 10:58:58 2016 (1482919138)
Stop command: Wed Dec 28 10:59:00 2016 (1482919140)
Elapsed time for command: 00:00:02 (2)
Benchmark Times:
  Start:    Wed Dec 28 10:58:37 2016 (1482919117)
  Stop:     Wed Dec 28 10:58:58 2016 (1482919138)
  Elapsed:  00:00:21 (21)
  Reported: 12 868631000 12.868631
 Success 433.milc base train ratio=-0.00, runtime=12.868631
Success: 3x433.milc
Producing Reports
mach: default
  ext: amd64-m64-gcc42-nn
    size: train
      set: int
      set: fp
           Flag reduction took 0.0010228s
        format: raw -> /home/usuario/SPECcpu2006/result/CFP2006.002.train.rsf
        format: flags -> /home/usuario/SPECcpu2006/result/CFP2006.002.train.flags.html
        format: ASCII -> /home/usuario/SPECcpu2006/result/CFP2006.002.train.txt
        format: PDF -> /home/usuario/SPECcpu2006/result/CFP2006.002.train.pdf
        format: Screen -> 
The log for this run is in /home/usuario/SPECcpu2006/result/CPU2006.002.log

runspec finished at Wed Dec 28 10:59:01 2016; 85 total seconds elapsed
