feb 01, 2017 7:44:06 PM spec.jbb.JBBmain main -> INFORMACIÓN: Logging started
feb 01, 2017 7:44:06 PM spec.jbb.Company primeWithDummyData -> INFORMACIÓN: Loading Warehouse 1...
feb 01, 2017 7:44:06 PM spec.jbb.JBBmain DoARun -> INFORMACIÓN: Start User Threads
feb 01, 2017 7:44:06 PM spec.jbb.JBBmain DoARun -> INFORMACIÓN:   started user thread for Warehouse 1
feb 01, 2017 7:44:06 PM spec.jbb.Company displayResultTotals -> INFORMACIÓN: Timing Measurement began Wed Feb 01 19:44:06 CET 2017 for 0,5 minutes
feb 01, 2017 7:44:36 PM spec.jbb.Company displayResultTotals -> INFORMACIÓN: Timing Measurement ended Wed Feb 01 19:44:36 CET 2017
feb 01, 2017 7:44:36 PM spec.jbb.Company primeWithDummyData -> INFORMACIÓN: Loading Warehouse 2...
feb 01, 2017 7:44:36 PM spec.jbb.JBBmain DoARun -> INFORMACIÓN: Start User Threads
feb 01, 2017 7:44:36 PM spec.jbb.JBBmain DoARun -> INFORMACIÓN:   started user thread for Warehouse 1
feb 01, 2017 7:44:36 PM spec.jbb.JBBmain DoARun -> INFORMACIÓN:   started user thread for Warehouse 2
feb 01, 2017 7:44:36 PM spec.jbb.Company displayResultTotals -> INFORMACIÓN: Timing Measurement began Wed Feb 01 19:44:36 CET 2017 for 0,5 minutes
feb 01, 2017 7:45:06 PM spec.jbb.Company displayResultTotals -> INFORMACIÓN: Timing Measurement ended Wed Feb 01 19:45:06 CET 2017
feb 01, 2017 7:45:06 PM spec.jbb.Company primeWithDummyData -> INFORMACIÓN: Loading Warehouse 3...
feb 01, 2017 7:45:06 PM spec.jbb.JBBmain DoARun -> INFORMACIÓN: Start User Threads
feb 01, 2017 7:45:06 PM spec.jbb.JBBmain DoARun -> INFORMACIÓN:   started user thread for Warehouse 1
feb 01, 2017 7:45:06 PM spec.jbb.JBBmain DoARun -> INFORMACIÓN:   started user thread for Warehouse 2
feb 01, 2017 7:45:06 PM spec.jbb.JBBmain DoARun -> INFORMACIÓN:   started user thread for Warehouse 3
feb 01, 2017 7:45:06 PM spec.jbb.Company displayResultTotals -> INFORMACIÓN: Timing Measurement began Wed Feb 01 19:45:06 CET 2017 for 0,5 minutes
feb 01, 2017 7:45:36 PM spec.jbb.Company displayResultTotals -> INFORMACIÓN: Timing Measurement ended Wed Feb 01 19:45:36 CET 2017
feb 01, 2017 7:45:36 PM spec.jbb.Company primeWithDummyData -> INFORMACIÓN: Loading Warehouse 4...
feb 01, 2017 7:45:36 PM spec.jbb.JBBmain DoARun -> INFORMACIÓN: Start User Threads
feb 01, 2017 7:45:36 PM spec.jbb.JBBmain DoARun -> INFORMACIÓN:   started user thread for Warehouse 1
feb 01, 2017 7:45:36 PM spec.jbb.JBBmain DoARun -> INFORMACIÓN:   started user thread for Warehouse 2
feb 01, 2017 7:45:36 PM spec.jbb.JBBmain DoARun -> INFORMACIÓN:   started user thread for Warehouse 3
feb 01, 2017 7:45:36 PM spec.jbb.JBBmain DoARun -> INFORMACIÓN:   started user thread for Warehouse 4
feb 01, 2017 7:45:36 PM spec.jbb.Company displayResultTotals -> INFORMACIÓN: Timing Measurement began Wed Feb 01 19:45:36 CET 2017 for 4 minutes
feb 01, 2017 7:49:36 PM spec.jbb.Company displayResultTotals -> INFORMACIÓN: Timing Measurement ended Wed Feb 01 19:49:36 CET 2017
feb 01, 2017 7:49:36 PM spec.jbb.Company primeWithDummyData -> INFORMACIÓN: Loading Warehouse 5...
feb 01, 2017 7:49:36 PM spec.jbb.JBBmain DoARun -> INFORMACIÓN: Start User Threads
feb 01, 2017 7:49:36 PM spec.jbb.JBBmain DoARun -> INFORMACIÓN:   started user thread for Warehouse 1
feb 01, 2017 7:49:36 PM spec.jbb.JBBmain DoARun -> INFORMACIÓN:   started user thread for Warehouse 2
feb 01, 2017 7:49:36 PM spec.jbb.JBBmain DoARun -> INFORMACIÓN:   started user thread for Warehouse 3
feb 01, 2017 7:49:36 PM spec.jbb.JBBmain DoARun -> INFORMACIÓN:   started user thread for Warehouse 4
feb 01, 2017 7:49:36 PM spec.jbb.JBBmain DoARun -> INFORMACIÓN:   started user thread for Warehouse 5
feb 01, 2017 7:49:36 PM spec.jbb.Company displayResultTotals -> INFORMACIÓN: Timing Measurement began Wed Feb 01 19:49:36 CET 2017 for 4 minutes
feb 01, 2017 7:53:36 PM spec.jbb.Company displayResultTotals -> INFORMACIÓN: Timing Measurement ended Wed Feb 01 19:53:36 CET 2017
feb 01, 2017 7:53:37 PM spec.jbb.Company primeWithDummyData -> INFORMACIÓN: Loading Warehouse 6...
feb 01, 2017 7:53:37 PM spec.jbb.JBBmain DoARun -> INFORMACIÓN: Start User Threads
feb 01, 2017 7:53:37 PM spec.jbb.JBBmain DoARun -> INFORMACIÓN:   started user thread for Warehouse 1
feb 01, 2017 7:53:37 PM spec.jbb.JBBmain DoARun -> INFORMACIÓN:   started user thread for Warehouse 2
feb 01, 2017 7:53:37 PM spec.jbb.JBBmain DoARun -> INFORMACIÓN:   started user thread for Warehouse 3
feb 01, 2017 7:53:37 PM spec.jbb.JBBmain DoARun -> INFORMACIÓN:   started user thread for Warehouse 4
feb 01, 2017 7:53:37 PM spec.jbb.JBBmain DoARun -> INFORMACIÓN:   started user thread for Warehouse 5
feb 01, 2017 7:53:37 PM spec.jbb.JBBmain DoARun -> INFORMACIÓN:   started user thread for Warehouse 6
feb 01, 2017 7:53:37 PM spec.jbb.Company displayResultTotals -> INFORMACIÓN: Timing Measurement began Wed Feb 01 19:53:37 CET 2017 for 4 minutes
feb 01, 2017 7:57:37 PM spec.jbb.Company displayResultTotals -> INFORMACIÓN: Timing Measurement ended Wed Feb 01 19:57:37 CET 2017
feb 01, 2017 7:57:37 PM spec.jbb.JBBmain callReporter -> INFORMACIÓN: Calling Reporter
feb 01, 2017 7:57:38 PM spec.jbb.JBBmain main -> INFORMACIÓN: Logging ended
